<?xml version='1.0' encoding='UTF-8'?>
<testsuite hostname="Georgis-MacBook-Air.local" name="SecretHandshakeTest" tests="11" errors="0" failures="0" skipped="0" time="0.035" timestamp="2021-03-05T16:38:18">
                     <properties>
[...]
</properties>
                     <testcase classname="SecretHandshakeTest" name="wink for 1" time="0.028">
                                                 
                                               </testcase><testcase classname="SecretHandshakeTest" name="double blink for 10" time="0.001">
                                                 
                                               </testcase><testcase classname="SecretHandshakeTest" name="close your eyes for 100" time="0.0">
                                                 
                                               </testcase><testcase classname="SecretHandshakeTest" name="jump for 1000" time="0.0">
                                                 
                                               </testcase><testcase classname="SecretHandshakeTest" name="combine two actions" time="0.001">
                                                 
                                               </testcase><testcase classname="SecretHandshakeTest" name="reverse two actions" time="0.001">
                                                 
                                               </testcase><testcase classname="SecretHandshakeTest" name="reversing one action gives the same action" time="0.001">
                                                 
                                               </testcase><testcase classname="SecretHandshakeTest" name="reversing no actions still gives no actions" time="0.001">
                                                 
                                               </testcase><testcase classname="SecretHandshakeTest" name="all possible actions" time="0.001">
                                                 
                                               </testcase><testcase classname="SecretHandshakeTest" name="reverse all possible actions" time="0.001">
                                                 
                                               </testcase><testcase classname="SecretHandshakeTest" name="do nothing for zero" time="0.0">
                                                 
                                               </testcase>
                     <system-out><![CDATA[]]></system-out>
                     <system-err><![CDATA[]]></system-err>
                   </testsuite>