<?xml version='1.0' encoding='UTF-8'?>
<testsuite hostname="atlas" name="EtlTest" tests="4" errors="0" failures="0" skipped="0" time="0.024" timestamp="2021-02-18T18:44:13">
                     <properties>
[...]
</properties>
                     <testcase classname="EtlTest" name="a single letter" time="0.018">
                                                 
                                               </testcase><testcase classname="EtlTest" name="single score with multiple letters" time="0.003">
                                                 
                                               </testcase><testcase classname="EtlTest" name="multiple scores with multiple letters" time="0.0">
                                                 
                                               </testcase><testcase classname="EtlTest" name="multiple scores with differing numbers of letters" time="0.003">
                                                 
                                               </testcase>
                     <system-out><![CDATA[]]></system-out>
                     <system-err><![CDATA[]]></system-err>
                   </testsuite>